# 
# ===============================================================================
#                               Allegro PCB Router                               
# Copyright 1990-2010 Cadence Design Systems, Inc.  All Rights Reserved.
# ===============================================================================
# 
# Software licensed for sale by Cadence Design Systems, Inc.
# Current time = Fri May 21 14:22:21 2021
# 
# Allegro PCB Router v16-6-112 made 2012/09/12 at 23:00:45
# Running on: desktop-s4rbn91, OS Version: WindowsNT 6.2.9200, Architecture: Intel Pentium II, III, or 4
# Licensing: The program will not obey any unlicensed rules
# No graphics will be displayed.
# Design Name D:/Sankar/ozone_alice_sensors (1)/ozone_alice_sensors\Sensor.dsn
# Batch File Name: pasde.do
# Did File Name: D:/Sankar/ozone_alice_sensors (1)/ozone_alice_sensors/specctra.did
# Current time = Fri May 21 14:22:21 2021
# PCB D:/Sankar/ozone_alice_sensors (1)/ozone_alice_sensors
# <<ERROR:>> Error in file D:/Sankar/ozone_alice_sensors (1)/ozone_alice_sensors\Sensor.dsn, line 1: token 5 = 1
# (content): (PCB D:/Sankar/ozone_alice_sensors (1)/ozone_alice_sensors/Sensor.brd
