(---------------------------------------------------------------------)
(                                                                     )
(    NC DRILL Log                                                     )
(                                                                     )
(    Drawing          : #Taaaabr08724.tmp                             )
(    Software Version : 16.6P004                                      )
(    Date/Time        : Wed May 26 20:42:27 2021                      )
(                                                                     )
(---------------------------------------------------------------------)



 Processing NC Parameters file 'nc_param.txt' ...

 NC PARAMETERS
 -------------

 FORMAT   		2.5
 MACHINE-OFFSET		x:0.000000	y:0.000000
 FEEDRATE		1
 COORDINATES		ABSOLUTE
 OUTPUT-UNITS		ENGLISH
 TOOL-ORDER		INCREASING
 REPEAT-CODES		YES
 SUPPRESS-LEAD-ZEROES	NO
 SUPPRESS-TRAIL-ZEROES	NO
 SUPPRESS-EQUAL		NO
 TOOL-SELECT		NO
 HEADER			none
 LEADER			12
 CODE			ASCII
 SEPARATE		NO
 SEPARATE-ROUTING	NO
 OPTIMIZE_DRILLING	NO
 ENHANCED_EXCELLON	NO
 SCALE			1.000000

 WARNING(SPMHMF-360): Design precision is greater than that of the drill output file data.
 WARNING(SPMHMF-361): Data rounding errors are very possible.


 Drill files being output to directory 'D:/Sankar/Personal/Power_Board' ...



     'POWER-1-2.drl' created for holes connecting TOP and BOTTOM
     -----------------------------------------------------------

           Num     Size      +/- Tolerance     Plating   Quantity

            1.  12.0000    3.0000/ 12.0000      PLATED          2
            2.  40.0000    3.0000/  3.0000      PLATED          8
            3.  43.3070    0.0000/  0.0000      PLATED         14
            4. 120.0000    0.0000/  0.0000      PLATED          4

     ---- Total holes:                                         28

     ---- Total head travel:              1.80 feet (0.55 meters)

