(---------------------------------------------------------------------)
(                                                                     )
(    Allegro Netrev Import Logic                                      )
(                                                                     )
(    Drawing          : ozone_motors_v2.brd                           )
(    Software Version : 17.4S015                                      )
(    Date/Time        : Tue May 25 08:12:54 2021                      )
(                                                                     )
(---------------------------------------------------------------------)


------ Directives ------------

Ripup etch:                  No
Ripup delete first segment:  No
Ripup retain bondwire:       No
Ripup symbols:               Always
Missing symbol has error:    No
DRC update:                  Yes
Schematic directory:         'D:\OrCad Projects\Documentation\project_2\Netlist'
Design Directory:            'd:/orcad projects/documentation/project_2'
Old design name:             'd:/orcad projects/documentation/project_2/ozone_motors_v2.brd'
New design name:             'd:/orcad projects/documentation/project_2/ozone_motors_v2.brd'

CmdLine: netrev.exe -y 1 -n -i D:\OrCad Projects\Documentation\project_2\Netlist d:/orcad projects/documentation/project_2/ozone_motors_v2.brd d:/orcad projects/documentation/project_2/ozone_motors_v2.brd

------ Preparing to read pst files ------

Starting to read D:/OrCad Projects/Documentation/project_2/Netlist/pstchip.dat 
   Finished reading D:/OrCad Projects/Documentation/project_2/Netlist/pstchip.dat (00:00:00.03)
Starting to read D:/OrCad Projects/Documentation/project_2/Netlist/pstxprt.dat 
   Finished reading D:/OrCad Projects/Documentation/project_2/Netlist/pstxprt.dat (00:00:00.00)
Starting to read D:/OrCad Projects/Documentation/project_2/Netlist/pstxnet.dat 
   Finished reading D:/OrCad Projects/Documentation/project_2/Netlist/pstxnet.dat (00:00:00.00)

------ Oversights/Warnings/Errors ------


------ Library Paths ------
MODULEPATH =  . 
           d:/orcad/share/local/pcb/modules 

PSMPATH =  . 
           symbols 
           .. 
           ../symbols 
           d:/orcad/share/local/pcb/symbols 
           d:/orcad/share/pcb/pcb_lib/symbols 
           d:/orcad/share/pcb/allegrolib/symbols 

PADPATH =  . 
           symbols 
           .. 
           ../symbols 
           d:/orcad/share/local/pcb/padstacks 
           d:/orcad/share/pcb/pcb_lib/symbols 
           d:/orcad/share/pcb/allegrolib/symbols 


------ Summary Statistics ------


netrev run on May 25 8:12:54 2021
   DESIGN NAME : 'OZONE_MOTORS_V2'
   PACKAGING ON Feb 23 2021 16:03:52

   COMPILE 'logic'
   CHECK_PIN_NAMES OFF
   CROSS_REFERENCE OFF
   FEEDBACK OFF
   INCREMENTAL OFF
   INTERFACE_TYPE PHYSICAL
   MAX_ERRORS 500
   MERGE_MINIMUM 5
   NET_NAME_CHARS '#%&()*+-./:=>?@[]^_`|'
   NET_NAME_LENGTH 24
   OVERSIGHTS ON
   REPLACE_CHECK OFF
   SINGLE_NODE_NETS ON
   SPLIT_MINIMUM 0
   SUPPRESS   20
   WARNINGS ON

 No error detected
 No oversight detected
 No warning detected

cpu time      0:01:12
elapsed time  0:00:00

