(---------------------------------------------------------------------)
(                                                                     )
(    NC DRILL Log                                                     )
(                                                                     )
(    Drawing          : #Taaaaaq09524.tmp                             )
(    Software Version : 16.6P004                                      )
(    Date/Time        : Mon Jun 21 11:14:55 2021                      )
(                                                                     )
(---------------------------------------------------------------------)



 Processing NC Parameters file 'nc_param.txt' ...

 NC PARAMETERS
 -------------

 FORMAT   		2.5
 MACHINE-OFFSET		x:0.000000	y:0.000000
 FEEDRATE		1
 COORDINATES		ABSOLUTE
 OUTPUT-UNITS		ENGLISH
 TOOL-ORDER		INCREASING
 REPEAT-CODES		YES
 SUPPRESS-LEAD-ZEROES	NO
 SUPPRESS-TRAIL-ZEROES	NO
 SUPPRESS-EQUAL		NO
 TOOL-SELECT		NO
 HEADER			none
 LEADER			12
 CODE			ASCII
 SEPARATE		NO
 SEPARATE-ROUTING	NO
 OPTIMIZE_DRILLING	NO
 ENHANCED_EXCELLON	NO
 SCALE			1.000000

 WARNING(SPMHMF-360): Design precision is greater than that of the drill output file data.
 WARNING(SPMHMF-361): Data rounding errors are very possible.


 Drill files being output to directory 'D:/Sankar/Personal/Final_Design_file/relay' ...



     'Relay-1-2.drl' created for holes connecting TOP and BOTTOM
     -----------------------------------------------------------

           Num     Size      +/- Tolerance     Plating   Quantity

            1.  12.0000    3.0000/ 12.0000      PLATED         34
            2.  35.0000    0.0000/  0.0000      PLATED         40
            3.  35.0390    0.0000/  0.0000      PLATED          6
            4.  36.0000    0.0000/  0.0000      PLATED          2
            5.  43.3070    0.0000/  0.0000      PLATED         36
            6.  62.9920    0.0000/  0.0000      PLATED         60
            7. 120.0000    0.0000/  0.0000      PLATED          4

     ---- Total holes:                                        182

     ---- Total head travel:              15.35 feet (4.68 meters)

