(---------------------------------------------------------------------)
(                                                                     )
(    Cadence Artwork Import                                           )
(                                                                     )
(    Drawing          : gerber_check.brd                              )
(    Software Version : 16.6P004                                      )
(    Date/Time        : Fri Jun 04 18:38:13 2021                      )
(                                                                     )
(---------------------------------------------------------------------)


Fri Jun 04 18:38:13 2021				Page     1


Processing photoplot file D:/Sankar/Personal/Final_Design_file/12v_12v_power_b~
oard/12vto12v_gerber/TOP.art ...
Adding the film data on ETCH/TOP.
DRC errors detected.
DRC errors detected.
DRC errors detected.
DRC errors detected.
DRC errors detected.
DRC errors detected.
DRC errors detected.
DRC errors detected.
DRC errors detected.
DRC errors detected.
DRC errors detected.
DRC errors detected.
DRC errors detected.
DRC errors detected.
DRC errors detected.
DRC errors detected.
DRC errors detected.
DRC errors detected.
DRC errors detected.
DRC errors detected.
DRC errors detected.
DRC errors detected.
DRC errors detected.
DRC errors detected.
DRC errors detected.
DRC errors detected.
DRC errors detected.
DRC errors detected.
DRC errors detected.
DRC errors detected.
DRC errors detected.
DRC errors detected.
DRC errors detected.
DRC errors detected.
DRC errors detected.
DRC errors detected.
DRC errors detected.
DRC errors detected.
DRC errors detected.
DRC errors detected.
DRC errors detected.
DRC errors detected.
DRC errors detected.
DRC errors detected.
DRC errors detected.
DRC errors detected.
DRC errors detected.
DRC errors detected.
DRC errors detected.
DRC errors detected.
DRC errors detected.
DRC errors detected.
Fri Jun 04 18:38:13 2021				Page     2


DRC errors detected.
DRC errors detected.
DRC errors detected.
DRC errors detected.
DRC errors detected.
DRC errors detected.
DRC errors detected.
DRC errors detected.
DRC errors detected.
DRC errors detected.
DRC errors detected.
DRC errors detected.
DRC errors detected.
DRC errors detected.
DRC errors detected.
DRC errors detected.
DRC errors detected.
DRC errors detected.
DRC errors detected.
DRC errors detected.
DRC errors detected.
DRC errors detected.
DRC errors detected.
DRC errors detected.
DRC errors detected.
DRC errors detected.
DRC errors detected.
DRC errors detected.
DRC errors detected.
DRC errors detected.
DRC errors detected.
DRC errors detected.
DRC errors detected.
DRC errors detected.
DRC errors detected.
DRC errors detected.
DRC errors detected.
DRC errors detected.
DRC errors detected.
DRC errors detected.
DRC errors detected.
DRC errors detected.
DRC errors detected.
DRC errors detected.
DRC errors detected.
DRC errors detected.
DRC errors detected.
DRC errors detected.
DRC errors detected.
DRC errors detected.
DRC errors detected.
DRC errors detected.
DRC errors detected.
DRC errors detected.
DRC errors detected.
Fri Jun 04 18:38:13 2021				Page     3


DRC errors detected.
DRC errors detected.
DRC errors detected.
DRC errors detected.
DRC errors detected.
DRC errors detected.
DRC errors detected.
DRC errors detected.
DRC errors detected.
DRC errors detected.
DRC errors detected.
DRC errors detected.
DRC errors detected.
DRC errors detected.
DRC errors detected.
DRC errors detected.
DRC errors detected.
DRC errors detected.
DRC errors detected.
DRC errors detected.
DRC errors detected.
DRC errors detected.
DRC errors detected.
DRC errors detected.
DRC errors detected.
DRC errors detected.
DRC errors detected.
DRC errors detected.
DRC errors detected.
DRC errors detected.
DRC errors detected.
DRC errors detected.
DRC errors detected.
DRC errors detected.
DRC errors detected.
DRC errors detected.
DRC errors detected.
DRC errors detected.
DRC errors detected.
DRC errors detected.
DRC errors detected.
DRC errors detected.
DRC errors detected.
DRC errors detected.
DRC errors detected.
DRC errors detected.
DRC errors detected.
DRC errors detected.
DRC errors detected.
DRC errors detected.
DRC errors detected.
DRC errors detected.
DRC errors detected.
DRC errors detected.
DRC errors detected.
Fri Jun 04 18:38:13 2021				Page     4


DRC errors detected.
DRC errors detected.
DRC errors detected.
DRC errors detected.
Load Photoplot complete.
